TN:
SF:collaboration.js
FN:7,(anonymous_0)
FN:40,(anonymous_1)
FN:50,(anonymous_2)
FN:52,(anonymous_3)
FN:57,(anonymous_4)
FN:62,(anonymous_5)
FN:67,(anonymous_6)
FN:72,(anonymous_7)
FN:77,(anonymous_8)
FN:83,(anonymous_9)
FN:84,(anonymous_10)
FN:95,(anonymous_11)
FN:96,(anonymous_12)
FN:107,(anonymous_13)
FN:108,(anonymous_14)
FN:110,(anonymous_15)
FN:117,(anonymous_16)
FN:118,(anonymous_17)
FN:124,(anonymous_18)
FN:132,(anonymous_19)
FN:137,(anonymous_20)
FN:141,(anonymous_21)
FN:146,(anonymous_22)
FN:151,(anonymous_23)
FN:155,(anonymous_24)
FN:160,(anonymous_25)
FN:165,(anonymous_26)
FN:170,(anonymous_27)
FN:175,(anonymous_28)
FN:180,(anonymous_29)
FN:185,(anonymous_30)
FN:191,(anonymous_31)
FN:195,(anonymous_32)
FN:199,(anonymous_33)
FN:201,(anonymous_34)
FN:207,(anonymous_35)
FN:211,(anonymous_36)
FN:213,(anonymous_37)
FN:222,(anonymous_38)
FN:231,(anonymous_39)
FN:234,(anonymous_40)
FN:235,(anonymous_41)
FN:245,(anonymous_42)
FN:248,(anonymous_43)
FN:257,(anonymous_44)
FN:265,(anonymous_45)
FN:266,(anonymous_46)
FN:271,(anonymous_47)
FN:276,(anonymous_48)
FN:285,(anonymous_49)
FN:287,(anonymous_50)
FNF:51
FNH:39
FNDA:72,(anonymous_0)
FNDA:77,(anonymous_1)
FNDA:72,(anonymous_2)
FNDA:0,(anonymous_3)
FNDA:0,(anonymous_4)
FNDA:0,(anonymous_5)
FNDA:0,(anonymous_6)
FNDA:0,(anonymous_7)
FNDA:0,(anonymous_8)
FNDA:1,(anonymous_9)
FNDA:1,(anonymous_10)
FNDA:1,(anonymous_11)
FNDA:1,(anonymous_12)
FNDA:1,(anonymous_13)
FNDA:1,(anonymous_14)
FNDA:1,(anonymous_15)
FNDA:1,(anonymous_16)
FNDA:1,(anonymous_17)
FNDA:1,(anonymous_18)
FNDA:1,(anonymous_19)
FNDA:1,(anonymous_20)
FNDA:1,(anonymous_21)
FNDA:1,(anonymous_22)
FNDA:1,(anonymous_23)
FNDA:1,(anonymous_24)
FNDA:0,(anonymous_25)
FNDA:0,(anonymous_26)
FNDA:0,(anonymous_27)
FNDA:0,(anonymous_28)
FNDA:0,(anonymous_29)
FNDA:0,(anonymous_30)
FNDA:5,(anonymous_31)
FNDA:1,(anonymous_32)
FNDA:1,(anonymous_33)
FNDA:2,(anonymous_34)
FNDA:1,(anonymous_35)
FNDA:1,(anonymous_36)
FNDA:2,(anonymous_37)
FNDA:25,(anonymous_38)
FNDA:2,(anonymous_39)
FNDA:7,(anonymous_40)
FNDA:7,(anonymous_41)
FNDA:8,(anonymous_42)
FNDA:1,(anonymous_43)
FNDA:8,(anonymous_44)
FNDA:8,(anonymous_45)
FNDA:7,(anonymous_46)
FNDA:8,(anonymous_47)
FNDA:2,(anonymous_48)
FNDA:10,(anonymous_49)
FNDA:4,(anonymous_50)
DA:8,72
DA:9,72
DA:10,72
DA:13,72
DA:16,72
DA:17,72
DA:18,72
DA:19,72
DA:22,72
DA:25,72
DA:37,72
DA:42,77
DA:43,77
DA:44,677
DA:46,77
DA:47,77
DA:52,72
DA:53,0
DA:57,72
DA:58,0
DA:62,72
DA:63,0
DA:67,72
DA:68,0
DA:72,72
DA:73,0
DA:77,72
DA:78,0
DA:84,1
DA:85,1
DA:96,1
DA:97,1
DA:108,1
DA:109,1
DA:110,1
DA:111,1
DA:112,1
DA:118,1
DA:119,1
DA:125,1
DA:133,1
DA:138,1
DA:142,1
DA:147,1
DA:152,1
DA:156,1
DA:162,0
DA:167,0
DA:172,0
DA:177,0
DA:182,0
DA:187,0
DA:192,5
DA:196,1
DA:200,1
DA:201,1
DA:202,2
DA:204,1
DA:208,1
DA:212,1
DA:213,1
DA:214,2
DA:215,2
DA:218,1
DA:223,25
DA:224,25
DA:225,25
DA:233,2
DA:234,2
DA:235,7
DA:236,7
DA:237,6
DA:238,1
DA:239,1
DA:240,1
DA:242,7
DA:245,8
DA:251,1
DA:258,8
DA:259,8
DA:260,8
DA:262,8
DA:266,8
DA:267,7
DA:268,7
DA:271,8
DA:272,8
DA:277,2
DA:278,1
DA:286,10
DA:287,4
DA:289,4
DA:291,3
DA:292,3
DA:294,1
DA:295,1
DA:299,4
LF:97
LH:85
BRDA:7,0,0,0
BRDA:111,1,0,1
BRDA:111,1,1,0
BRDA:214,2,0,2
BRDA:214,2,1,0
BRDA:236,3,0,6
BRDA:236,3,1,1
BRDA:238,4,0,1
BRDA:238,4,1,0
BRDA:277,5,0,1
BRDA:277,5,1,1
BRDA:286,6,0,4
BRDA:286,6,1,6
BRDA:286,7,0,10
BRDA:286,7,1,9
BRDA:289,8,0,3
BRDA:289,8,1,1
BRF:17
BRH:13
end_of_record
TN:
SF:config.js
FNF:0
FNH:0
DA:3,0
LF:1
LH:0
BRF:0
BRH:0
end_of_record
TN:
SF:error-handler.js
FN:3,(anonymous_0)
FN:21,(anonymous_1)
FN:23,(anonymous_2)
FN:27,(anonymous_3)
FN:32,(anonymous_4)
FN:36,(anonymous_5)
FN:41,(anonymous_6)
FN:48,(anonymous_7)
FN:53,(anonymous_8)
FN:58,(anonymous_9)
FN:60,(anonymous_10)
FN:65,(anonymous_11)
FN:70,(anonymous_12)
FN:78,(anonymous_13)
FN:88,(anonymous_14)
FN:99,(anonymous_15)
FN:109,(anonymous_16)
FN:119,(anonymous_17)
FN:123,(anonymous_18)
FN:130,(anonymous_19)
FN:143,(anonymous_20)
FN:149,(anonymous_21)
FN:160,(anonymous_22)
FN:166,(anonymous_23)
FN:174,(anonymous_24)
FN:189,(anonymous_25)
FN:228,(anonymous_26)
FN:249,(anonymous_27)
FN:250,(anonymous_28)
FN:251,(anonymous_29)
FN:255,(anonymous_30)
FN:268,(anonymous_31)
FN:276,(anonymous_32)
FN:284,(anonymous_33)
FN:291,(anonymous_34)
FN:297,(anonymous_35)
FN:325,(anonymous_36)
FN:336,(anonymous_37)
FN:345,(anonymous_38)
FN:355,(anonymous_39)
FN:357,(anonymous_40)
FN:363,(anonymous_41)
FN:370,(anonymous_42)
FN:384,(anonymous_43)
FN:403,(anonymous_44)
FN:404,(anonymous_45)
FN:409,(anonymous_46)
FN:416,(anonymous_47)
FN:445,(anonymous_48)
FN:449,(anonymous_49)
FN:450,(anonymous_50)
FN:453,(anonymous_51)
FN:455,(anonymous_52)
FN:460,(anonymous_53)
FN:464,(anonymous_54)
FN:475,(anonymous_55)
FN:480,(anonymous_56)
FN:485,(anonymous_57)
FN:489,(anonymous_58)
FN:493,(anonymous_59)
FN:497,(anonymous_60)
FN:501,(anonymous_61)
FN:505,(anonymous_62)
FN:509,(anonymous_63)
FN:513,(anonymous_64)
FN:517,(anonymous_65)
FN:521,(anonymous_66)
FN:525,(anonymous_67)
FN:529,(anonymous_68)
FN:533,(anonymous_69)
FN:537,(anonymous_70)
FN:541,(anonymous_71)
FN:545,(anonymous_72)
FN:549,(anonymous_73)
FN:553,(anonymous_74)
FN:558,(anonymous_75)
FNF:76
FNH:53
FNDA:91,(anonymous_0)
FNDA:91,(anonymous_1)
FNDA:0,(anonymous_2)
FNDA:0,(anonymous_3)
FNDA:0,(anonymous_4)
FNDA:0,(anonymous_5)
FNDA:0,(anonymous_6)
FNDA:0,(anonymous_7)
FNDA:0,(anonymous_8)
FNDA:43,(anonymous_9)
FNDA:0,(anonymous_10)
FNDA:0,(anonymous_11)
FNDA:0,(anonymous_12)
FNDA:1,(anonymous_13)
FNDA:2,(anonymous_14)
FNDA:0,(anonymous_15)
FNDA:0,(anonymous_16)
FNDA:1,(anonymous_17)
FNDA:1,(anonymous_18)
FNDA:2,(anonymous_19)
FNDA:0,(anonymous_20)
FNDA:1,(anonymous_21)
FNDA:1,(anonymous_22)
FNDA:0,(anonymous_23)
FNDA:1,(anonymous_24)
FNDA:8,(anonymous_25)
FNDA:8,(anonymous_26)
FNDA:0,(anonymous_27)
FNDA:0,(anonymous_28)
FNDA:0,(anonymous_29)
FNDA:0,(anonymous_30)
FNDA:7,(anonymous_31)
FNDA:4,(anonymous_32)
FNDA:2,(anonymous_33)
FNDA:45,(anonymous_34)
FNDA:78,(anonymous_35)
FNDA:122,(anonymous_36)
FNDA:2,(anonymous_37)
FNDA:3,(anonymous_38)
FNDA:1,(anonymous_39)
FNDA:2,(anonymous_40)
FNDA:2,(anonymous_41)
FNDA:2,(anonymous_42)
FNDA:1,(anonymous_43)
FNDA:2,(anonymous_44)
FNDA:0,(anonymous_45)
FNDA:44,(anonymous_46)
FNDA:2,(anonymous_47)
FNDA:80,(anonymous_48)
FNDA:4,(anonymous_49)
FNDA:4,(anonymous_50)
FNDA:2,(anonymous_51)
FNDA:3,(anonymous_52)
FNDA:1,(anonymous_53)
FNDA:1,(anonymous_54)
FNDA:1,(anonymous_55)
FNDA:1,(anonymous_56)
FNDA:1,(anonymous_57)
FNDA:2,(anonymous_58)
FNDA:0,(anonymous_59)
FNDA:0,(anonymous_60)
FNDA:1,(anonymous_61)
FNDA:2,(anonymous_62)
FNDA:0,(anonymous_63)
FNDA:1,(anonymous_64)
FNDA:1,(anonymous_65)
FNDA:1,(anonymous_66)
FNDA:7,(anonymous_67)
FNDA:4,(anonymous_68)
FNDA:4,(anonymous_69)
FNDA:2,(anonymous_70)
FNDA:78,(anonymous_71)
FNDA:2,(anonymous_72)
FNDA:0,(anonymous_73)
FNDA:2,(anonymous_74)
FNDA:43,(anonymous_75)
DA:4,91
DA:5,91
DA:6,91
DA:7,91
DA:9,91
DA:10,91
DA:11,91
DA:12,91
DA:13,91
DA:14,91
DA:15,91
DA:17,91
DA:18,43
DA:23,91
DA:24,0
DA:27,43
DA:28,0
DA:32,43
DA:33,0
DA:36,43
DA:37,0
DA:41,43
DA:42,0
DA:43,0
DA:48,43
DA:49,0
DA:53,43
DA:54,0
DA:60,43
DA:61,0
DA:65,43
DA:66,0
DA:70,43
DA:71,0
DA:72,0
DA:79,1
DA:81,1
DA:82,1
DA:85,1
DA:89,2
DA:92,2
DA:93,1
DA:96,2
DA:100,0
DA:102,0
DA:103,0
DA:106,0
DA:110,0
DA:112,0
DA:113,0
DA:116,0
DA:120,1
DA:123,1
DA:124,1
DA:127,1
DA:131,2
DA:134,2
DA:135,1
DA:137,1
DA:140,2
DA:144,0
DA:146,0
DA:150,1
DA:157,1
DA:161,1
DA:163,1
DA:168,0
DA:170,0
DA:175,1
DA:178,1
DA:179,1
DA:180,1
DA:182,0
DA:185,1
DA:190,8
DA:191,1
DA:194,7
DA:195,7
DA:197,7
DA:198,7
DA:200,7
DA:201,8
DA:203,8
DA:204,8
DA:206,8
DA:207,4
DA:208,4
DA:211,0
DA:215,4
DA:220,4
DA:222,4
DA:225,2
DA:230,8
DA:231,2
DA:235,8
DA:236,1
DA:239,1
DA:243,8
DA:246,8
DA:250,0
DA:251,0
DA:252,0
DA:255,0
DA:256,0
DA:257,0
DA:258,0
DA:260,0
DA:264,0
DA:269,7
DA:277,4
DA:278,4
DA:280,4
DA:281,4
DA:285,2
DA:287,2
DA:288,2
DA:292,45
DA:293,45
DA:298,78
DA:309,78
DA:312,78
DA:313,2
DA:317,78
DA:320,78
DA:322,78
DA:326,122
DA:327,122
DA:332,100
DA:337,2
DA:338,2
DA:339,2
DA:340,2
DA:341,2
DA:344,2
DA:345,2
DA:346,3
DA:350,0
DA:351,0
DA:356,1
DA:357,1
DA:358,2
DA:360,1
DA:364,2
DA:365,2
DA:366,2
DA:371,2
DA:372,2
DA:373,2
DA:378,1
DA:380,1
DA:385,1
DA:387,1
DA:388,1
DA:391,1
DA:392,0
DA:393,0
DA:394,0
DA:396,0
DA:398,1
DA:404,2
DA:405,0
DA:410,44
DA:411,2
DA:412,2
DA:417,2
DA:428,2
DA:429,0
DA:432,2
DA:433,1
DA:434,1
DA:437,2
DA:438,0
DA:441,2
DA:446,80
DA:450,4
DA:454,2
DA:455,2
DA:456,3
DA:461,1
DA:465,1
DA:476,1
DA:477,1
DA:481,1
DA:486,1
DA:490,2
DA:494,0
DA:498,0
DA:502,1
DA:506,2
DA:510,0
DA:514,1
DA:518,1
DA:522,1
DA:526,7
DA:530,4
DA:534,4
DA:538,2
DA:546,2
DA:550,0
DA:559,43
DA:560,43
DA:561,43
LF:202
LH:154
BRDA:42,0,0,0
BRDA:42,0,1,0
BRDA:71,1,0,0
BRDA:71,1,1,0
BRDA:81,2,0,1
BRDA:81,2,1,0
BRDA:92,3,0,1
BRDA:92,3,1,1
BRDA:92,4,0,2
BRDA:92,4,1,1
BRDA:102,5,0,0
BRDA:102,5,1,0
BRDA:112,6,0,0
BRDA:112,6,1,0
BRDA:134,7,0,1
BRDA:134,7,1,1
BRDA:150,8,0,1
BRDA:150,8,1,0
BRDA:161,9,0,1
BRDA:161,9,1,0
BRDA:168,10,0,0
BRDA:168,10,1,0
BRDA:168,11,0,0
BRDA:168,11,1,0
BRDA:190,12,0,1
BRDA:190,12,1,7
BRDA:200,13,0,10
BRDA:200,13,1,8
BRDA:206,14,0,4
BRDA:206,14,1,4
BRDA:230,15,0,2
BRDA:230,15,1,6
BRDA:235,16,0,1
BRDA:235,16,1,7
BRDA:249,17,0,0
BRDA:256,18,0,0
BRDA:256,18,1,0
BRDA:270,19,0,7
BRDA:270,19,1,5
BRDA:270,19,2,5
BRDA:297,20,0,67
BRDA:312,21,0,2
BRDA:312,21,1,76
BRDA:339,22,0,2
BRDA:339,22,1,0
BRDA:341,23,0,2
BRDA:341,23,1,0
BRDA:403,24,0,0
BRDA:410,25,0,2
BRDA:410,25,1,42
BRDA:428,26,0,0
BRDA:428,26,1,2
BRDA:432,27,0,1
BRDA:432,27,1,1
BRDA:432,28,0,2
BRDA:432,28,1,2
BRDA:437,29,0,0
BRDA:437,29,1,2
BRDA:453,30,0,1
BRF:59
BRH:36
end_of_record
TN:
SF:offline-sync.js
FN:3,(anonymous_0)
FN:20,(anonymous_1)
FN:22,(anonymous_2)
FN:29,(anonymous_3)
FN:36,(anonymous_4)
FN:40,(anonymous_5)
FN:45,(anonymous_6)
FN:47,(anonymous_7)
FN:63,(anonymous_8)
FN:84,(anonymous_9)
FN:91,(anonymous_10)
FN:108,(anonymous_11)
FN:116,(anonymous_12)
FN:122,(anonymous_13)
FN:162,(anonymous_14)
FN:175,(anonymous_15)
FN:180,(anonymous_16)
FN:182,(anonymous_17)
FN:192,(anonymous_18)
FN:199,(anonymous_19)
FN:219,(anonymous_20)
FN:224,(anonymous_21)
FN:228,(anonymous_22)
FN:247,(anonymous_23)
FN:262,(anonymous_24)
FN:271,(anonymous_25)
FN:281,(anonymous_26)
FN:292,(anonymous_27)
FN:294,(anonymous_28)
FN:308,(anonymous_29)
FN:312,(anonymous_30)
FN:323,(anonymous_31)
FN:331,(anonymous_32)
FN:341,(anonymous_33)
FN:346,(anonymous_34)
FN:351,(anonymous_35)
FN:355,(anonymous_36)
FN:371,(anonymous_37)
FN:380,(anonymous_38)
FN:386,(anonymous_39)
FN:394,(anonymous_40)
FN:396,(anonymous_41)
FN:403,(anonymous_42)
FN:406,(anonymous_43)
FN:407,(anonymous_44)
FN:414,(anonymous_45)
FN:415,(anonymous_46)
FN:418,(anonymous_47)
FN:419,(anonymous_48)
FN:423,(anonymous_49)
FN:431,(anonymous_50)
FN:433,(anonymous_51)
FN:447,(anonymous_52)
FN:451,(anonymous_53)
FN:455,(anonymous_54)
FN:459,(anonymous_55)
FN:463,(anonymous_56)
FN:467,(anonymous_57)
FN:471,(anonymous_58)
FN:475,(anonymous_59)
FN:479,(anonymous_60)
FN:483,(anonymous_61)
FN:488,(anonymous_62)
FNF:63
FNH:5
FNDA:48,(anonymous_0)
FNDA:48,(anonymous_1)
FNDA:0,(anonymous_2)
FNDA:0,(anonymous_3)
FNDA:0,(anonymous_4)
FNDA:0,(anonymous_5)
FNDA:48,(anonymous_6)
FNDA:0,(anonymous_7)
FNDA:0,(anonymous_8)
FNDA:0,(anonymous_9)
FNDA:0,(anonymous_10)
FNDA:0,(anonymous_11)
FNDA:0,(anonymous_12)
FNDA:0,(anonymous_13)
FNDA:0,(anonymous_14)
FNDA:0,(anonymous_15)
FNDA:0,(anonymous_16)
FNDA:0,(anonymous_17)
FNDA:0,(anonymous_18)
FNDA:0,(anonymous_19)
FNDA:0,(anonymous_20)
FNDA:0,(anonymous_21)
FNDA:0,(anonymous_22)
FNDA:0,(anonymous_23)
FNDA:48,(anonymous_24)
FNDA:0,(anonymous_25)
FNDA:0,(anonymous_26)
FNDA:48,(anonymous_27)
FNDA:0,(anonymous_28)
FNDA:0,(anonymous_29)
FNDA:0,(anonymous_30)
FNDA:0,(anonymous_31)
FNDA:0,(anonymous_32)
FNDA:0,(anonymous_33)
FNDA:0,(anonymous_34)
FNDA:0,(anonymous_35)
FNDA:0,(anonymous_36)
FNDA:0,(anonymous_37)
FNDA:0,(anonymous_38)
FNDA:0,(anonymous_39)
FNDA:0,(anonymous_40)
FNDA:0,(anonymous_41)
FNDA:0,(anonymous_42)
FNDA:0,(anonymous_43)
FNDA:0,(anonymous_44)
FNDA:0,(anonymous_45)
FNDA:0,(anonymous_46)
FNDA:0,(anonymous_47)
FNDA:0,(anonymous_48)
FNDA:0,(anonymous_49)
FNDA:0,(anonymous_50)
FNDA:0,(anonymous_51)
FNDA:0,(anonymous_52)
FNDA:0,(anonymous_53)
FNDA:0,(anonymous_54)
FNDA:0,(anonymous_55)
FNDA:0,(anonymous_56)
FNDA:0,(anonymous_57)
FNDA:0,(anonymous_58)
FNDA:0,(anonymous_59)
FNDA:0,(anonymous_60)
FNDA:0,(anonymous_61)
FNDA:0,(anonymous_62)
DA:4,48
DA:5,48
DA:6,48
DA:8,48
DA:9,48
DA:10,48
DA:11,48
DA:12,48
DA:13,48
DA:15,48
DA:16,48
DA:17,48
DA:22,48
DA:23,0
DA:24,0
DA:25,0
DA:26,0
DA:29,48
DA:30,0
DA:31,0
DA:32,0
DA:36,48
DA:37,0
DA:40,48
DA:41,0
DA:47,48
DA:48,0
DA:49,0
DA:59,48
DA:65,0
DA:73,0
DA:74,0
DA:75,0
DA:79,0
DA:81,0
DA:85,0
DA:86,0
DA:89,0
DA:91,0
DA:93,0
DA:94,0
DA:95,0
DA:96,0
DA:97,0
DA:99,0
DA:100,0
DA:101,0
DA:103,0
DA:104,0
DA:105,0
DA:108,0
DA:109,0
DA:116,0
DA:117,0
DA:119,0
DA:123,0
DA:125,0
DA:126,0
DA:129,0
DA:130,0
DA:133,0
DA:134,0
DA:137,0
DA:138,0
DA:141,0
DA:142,0
DA:145,0
DA:146,0
DA:149,0
DA:150,0
DA:153,0
DA:154,0
DA:157,0
DA:163,0
DA:165,0
DA:167,0
DA:169,0
DA:171,0
DA:176,0
DA:177,0
DA:180,0
DA:182,0
DA:183,0
DA:184,0
DA:185,0
DA:189,0
DA:194,0
DA:196,0
DA:197,0
DA:199,0
DA:200,0
DA:201,0
DA:203,0
DA:204,0
DA:206,0
DA:207,0
DA:209,0
DA:211,0
DA:216,0
DA:221,0
DA:222,0
DA:224,0
DA:225,0
DA:227,0
DA:228,0
DA:229,0
DA:232,0
DA:233,0
DA:234,0
DA:236,0
DA:239,0
DA:243,0
DA:248,0
DA:249,0
DA:255,0
DA:257,0
DA:258,0
DA:263,48
DA:264,48
DA:265,48
DA:266,0
DA:267,0
DA:270,0
DA:271,0
DA:273,0
DA:276,0
DA:277,0
DA:282,0
DA:283,0
DA:284,0
DA:285,0
DA:287,0
DA:293,48
DA:294,0
DA:295,0
DA:297,0
DA:298,0
DA:299,0
DA:302,0
DA:309,0
DA:310,0
DA:312,0
DA:313,0
DA:316,0
DA:317,0
DA:318,0
DA:319,0
DA:324,0
DA:325,0
DA:326,0
DA:332,0
DA:334,0
DA:335,0
DA:336,0
DA:337,0
DA:342,0
DA:344,0
DA:346,0
DA:352,0
DA:357,0
DA:360,0
DA:363,0
DA:365,0
DA:367,0
DA:373,0
DA:383,0
DA:388,0
DA:396,0
DA:398,0
DA:404,0
DA:406,0
DA:407,0
DA:415,0
DA:419,0
DA:424,0
DA:425,0
DA:427,0
DA:432,0
DA:433,0
DA:434,0
DA:435,0
DA:436,0
DA:439,0
DA:441,0
DA:442,0
DA:448,0
DA:452,0
DA:456,0
DA:460,0
DA:464,0
DA:468,0
DA:472,0
DA:476,0
DA:480,0
DA:484,0
DA:489,0
DA:490,0
LF:197
LH:22
BRDA:48,0,0,0
BRDA:48,0,1,0
BRDA:48,1,0,0
BRDA:48,1,1,0
BRDA:73,2,0,0
BRDA:73,2,1,0
BRDA:85,3,0,0
BRDA:85,3,1,0
BRDA:85,4,0,0
BRDA:85,4,1,0
BRDA:103,5,0,0
BRDA:103,5,1,0
BRDA:123,6,0,0
BRDA:123,6,1,0
BRDA:123,6,2,0
BRDA:123,6,3,0
BRDA:123,6,4,0
BRDA:123,6,5,0
BRDA:123,6,6,0
BRDA:123,6,7,0
BRDA:123,6,8,0
BRDA:163,7,0,0
BRDA:163,7,1,0
BRDA:163,7,2,0
BRDA:163,7,3,0
BRDA:184,8,0,0
BRDA:184,8,1,0
BRDA:184,9,0,0
BRDA:184,9,1,0
BRDA:203,10,0,0
BRDA:203,10,1,0
BRDA:206,11,0,0
BRDA:206,11,1,0
BRDA:207,12,0,0
BRDA:207,12,1,0
BRDA:209,13,0,0
BRDA:209,13,1,0
BRDA:209,14,0,0
BRDA:209,14,1,0
BRDA:209,14,2,0
BRDA:227,15,0,0
BRDA:227,15,1,0
BRDA:232,16,0,0
BRDA:232,16,1,0
BRDA:265,17,0,0
BRDA:265,17,1,48
BRDA:267,18,0,0
BRDA:267,18,1,0
BRDA:293,19,0,0
BRDA:293,19,1,48
BRDA:293,20,0,48
BRDA:293,20,1,0
BRDA:297,21,0,0
BRDA:297,21,1,0
BRDA:313,22,0,0
BRDA:313,22,1,0
BRDA:317,23,0,0
BRDA:317,23,1,0
BRDA:324,24,0,0
BRDA:324,24,1,0
BRDA:334,25,0,0
BRDA:334,25,1,0
BRDA:336,26,0,0
BRDA:336,26,1,0
BRDA:344,27,0,0
BRDA:344,27,1,0
BRDA:344,28,0,0
BRDA:344,28,1,0
BRDA:357,29,0,0
BRDA:357,29,1,0
BRDA:357,29,2,0
BRDA:357,29,3,0
BRDA:357,29,4,0
BRDA:357,29,5,0
BRDA:367,30,0,0
BRDA:367,30,1,0
BRDA:424,31,0,0
BRDA:424,31,1,0
BRDA:441,32,0,0
BRDA:441,32,1,0
BRF:80
BRH:3
end_of_record
TN:
SF:presence.js
FN:3,(anonymous_0)
FN:15,(anonymous_1)
FN:17,(anonymous_2)
FN:22,(anonymous_3)
FN:27,(anonymous_4)
FN:32,(anonymous_5)
FN:38,(anonymous_6)
FN:56,(anonymous_7)
FN:60,(anonymous_8)
FN:65,(anonymous_9)
FN:69,(anonymous_10)
FN:76,(anonymous_11)
FN:94,(anonymous_12)
FN:102,(anonymous_13)
FN:122,(anonymous_14)
FN:126,(anonymous_15)
FN:133,(anonymous_16)
FN:140,(anonymous_17)
FN:149,(anonymous_18)
FN:166,(anonymous_19)
FN:189,(anonymous_20)
FN:199,(anonymous_21)
FN:224,(anonymous_22)
FN:235,(anonymous_23)
FN:245,(anonymous_24)
FN:255,(anonymous_25)
FN:258,(anonymous_26)
FN:263,(anonymous_27)
FN:270,(anonymous_28)
FN:285,(anonymous_29)
FN:296,(anonymous_30)
FN:300,(anonymous_31)
FN:304,(anonymous_32)
FN:308,(anonymous_33)
FN:312,(anonymous_34)
FN:316,(anonymous_35)
FN:321,(anonymous_36)
FN:324,(anonymous_37)
FN:325,(anonymous_38)
FN:331,(anonymous_39)
FN:342,(anonymous_40)
FN:349,(anonymous_41)
FN:354,(anonymous_42)
FN:359,(anonymous_43)
FN:364,(anonymous_44)
FN:369,(anonymous_45)
FN:374,(anonymous_46)
FN:379,(anonymous_47)
FN:384,(anonymous_48)
FN:389,(anonymous_49)
FN:394,(anonymous_50)
FN:399,(anonymous_51)
FN:404,(anonymous_52)
FNF:53
FNH:35
FNDA:87,(anonymous_0)
FNDA:87,(anonymous_1)
FNDA:0,(anonymous_2)
FNDA:0,(anonymous_3)
FNDA:0,(anonymous_4)
FNDA:0,(anonymous_5)
FNDA:5,(anonymous_6)
FNDA:1,(anonymous_7)
FNDA:1,(anonymous_8)
FNDA:0,(anonymous_9)
FNDA:0,(anonymous_10)
FNDA:11,(anonymous_11)
FNDA:2,(anonymous_12)
FNDA:5,(anonymous_13)
FNDA:3,(anonymous_14)
FNDA:2,(anonymous_15)
FNDA:1,(anonymous_16)
FNDA:0,(anonymous_17)
FNDA:1,(anonymous_18)
FNDA:1,(anonymous_19)
FNDA:1,(anonymous_20)
FNDA:4,(anonymous_21)
FNDA:0,(anonymous_22)
FNDA:1,(anonymous_23)
FNDA:1,(anonymous_24)
FNDA:90,(anonymous_25)
FNDA:1,(anonymous_26)
FNDA:131,(anonymous_27)
FNDA:6,(anonymous_28)
FNDA:2,(anonymous_29)
FNDA:14,(anonymous_30)
FNDA:1,(anonymous_31)
FNDA:1,(anonymous_32)
FNDA:1,(anonymous_33)
FNDA:1,(anonymous_34)
FNDA:1,(anonymous_35)
FNDA:1,(anonymous_36)
FNDA:5,(anonymous_37)
FNDA:0,(anonymous_38)
FNDA:0,(anonymous_39)
FNDA:40,(anonymous_40)
FNDA:5,(anonymous_41)
FNDA:7,(anonymous_42)
FNDA:1,(anonymous_43)
FNDA:5,(anonymous_44)
FNDA:0,(anonymous_45)
FNDA:0,(anonymous_46)
FNDA:0,(anonymous_47)
FNDA:0,(anonymous_48)
FNDA:0,(anonymous_49)
FNDA:0,(anonymous_50)
FNDA:0,(anonymous_51)
FNDA:0,(anonymous_52)
DA:4,87
DA:5,87
DA:6,87
DA:7,87
DA:8,87
DA:9,87
DA:11,87
DA:12,87
DA:17,87
DA:18,0
DA:22,87
DA:23,0
DA:27,87
DA:28,0
DA:32,87
DA:33,0
DA:39,5
DA:42,5
DA:48,5
DA:53,5
DA:57,1
DA:61,1
DA:67,0
DA:69,0
DA:70,0
DA:71,0
DA:77,11
DA:78,11
DA:85,11
DA:90,10
DA:95,2
DA:96,2
DA:97,2
DA:103,5
DA:111,5
DA:114,5
DA:119,5
DA:124,3
DA:126,3
DA:127,2
DA:128,2
DA:129,1
DA:133,3
DA:134,1
DA:135,1
DA:136,1
DA:140,3
DA:142,0
DA:143,0
DA:144,0
DA:150,1
DA:152,1
DA:153,1
DA:158,1
DA:161,1
DA:162,1
DA:167,1
DA:168,1
DA:169,1
DA:176,1
DA:180,1
DA:184,1
DA:185,0
DA:190,1
DA:192,1
DA:193,1
DA:195,1
DA:200,4
DA:202,1
DA:203,1
DA:206,1
DA:211,1
DA:212,1
DA:215,1
DA:216,1
DA:219,1
DA:220,1
DA:225,0
DA:227,0
DA:228,0
DA:230,0
DA:236,1
DA:242,1
DA:246,1
DA:251,1
DA:256,90
DA:258,90
DA:259,1
DA:264,131
DA:265,42
DA:266,42
DA:272,6
DA:273,6
DA:274,6
DA:276,6
DA:277,1
DA:278,5
DA:279,1
DA:281,4
DA:286,2
DA:289,2
DA:290,2
DA:291,2
DA:297,14
DA:301,1
DA:305,1
DA:309,1
DA:313,1
DA:317,1
DA:322,1
DA:324,1
DA:325,5
DA:326,0
DA:331,1
DA:332,0
DA:333,0
DA:335,0
DA:336,0
DA:343,40
DA:344,40
DA:345,40
DA:351,5
DA:356,7
DA:361,1
DA:366,5
DA:371,0
DA:376,0
DA:381,0
DA:386,0
DA:391,0
DA:396,0
DA:401,0
DA:406,0
LF:133
LH:104
BRDA:38,0,0,3
BRDA:70,1,0,0
BRDA:70,1,1,0
BRDA:85,2,0,10
BRDA:85,2,1,1
BRDA:85,3,0,11
BRDA:85,3,1,2
BRDA:85,3,2,1
BRDA:85,3,3,1
BRDA:95,4,0,2
BRDA:95,4,1,0
BRDA:102,5,0,3
BRDA:128,6,0,1
BRDA:128,6,1,1
BRDA:128,7,0,2
BRDA:128,7,1,2
BRDA:135,8,0,1
BRDA:135,8,1,0
BRDA:135,9,0,1
BRDA:135,9,1,1
BRDA:143,10,0,0
BRDA:143,10,1,0
BRDA:152,11,0,1
BRDA:152,11,1,0
BRDA:161,12,0,1
BRDA:161,12,1,0
BRDA:167,13,0,1
BRDA:167,13,1,0
BRDA:176,14,0,1
BRDA:176,14,1,0
BRDA:176,15,0,1
BRDA:176,15,1,0
BRDA:176,15,2,0
BRDA:184,16,0,0
BRDA:184,16,1,1
BRDA:200,17,0,1
BRDA:200,17,1,1
BRDA:200,17,2,1
BRDA:200,17,3,1
BRDA:225,18,0,0
BRDA:225,18,1,0
BRDA:228,19,0,0
BRDA:228,19,1,0
BRDA:228,20,0,0
BRDA:228,20,1,0
BRDA:235,21,0,0
BRDA:255,22,0,87
BRDA:264,23,0,42
BRDA:264,23,1,89
BRDA:276,24,0,1
BRDA:276,24,1,5
BRDA:276,25,0,6
BRDA:276,25,1,5
BRDA:278,26,0,1
BRDA:278,26,1,4
BRDA:278,27,0,5
BRDA:278,27,1,4
BRDA:290,28,0,2
BRDA:290,28,1,0
BRDA:332,29,0,0
BRDA:332,29,1,0
BRF:61
BRH:38
end_of_record
TN:
SF:webrtc.js
FN:3,(anonymous_0)
FN:20,(anonymous_1)
FN:21,(anonymous_2)
FN:25,(anonymous_3)
FN:29,(anonymous_4)
FN:33,(anonymous_5)
FN:37,(anonymous_6)
FN:42,(anonymous_7)
FN:81,(anonymous_8)
FN:95,(anonymous_9)
FN:119,(anonymous_10)
FN:135,(anonymous_11)
FN:149,(anonymous_12)
FN:150,(anonymous_13)
FN:160,(anonymous_14)
FN:170,(anonymous_15)
FN:174,(anonymous_16)
FN:183,(anonymous_17)
FN:184,(anonymous_18)
FN:189,(anonymous_19)
FN:194,(anonymous_20)
FN:203,(anonymous_21)
FN:208,(anonymous_22)
FN:222,(anonymous_23)
FN:224,(anonymous_24)
FN:230,(anonymous_25)
FN:243,(anonymous_26)
FN:261,(anonymous_27)
FN:266,(anonymous_28)
FN:271,(anonymous_29)
FN:273,(anonymous_30)
FN:281,(anonymous_31)
FN:288,(anonymous_32)
FN:289,(anonymous_33)
FN:298,(anonymous_34)
FN:303,(anonymous_35)
FN:308,(anonymous_36)
FN:313,(anonymous_37)
FN:318,(anonymous_38)
FN:326,(anonymous_39)
FN:332,(anonymous_40)
FN:335,(anonymous_41)
FN:340,(anonymous_42)
FN:347,(anonymous_43)
FN:363,(anonymous_44)
FN:376,(anonymous_45)
FN:398,(anonymous_46)
FN:402,(anonymous_47)
FN:406,(anonymous_48)
FNF:49
FNH:29
FNDA:77,(anonymous_0)
FNDA:77,(anonymous_1)
FNDA:0,(anonymous_2)
FNDA:0,(anonymous_3)
FNDA:0,(anonymous_4)
FNDA:0,(anonymous_5)
FNDA:0,(anonymous_6)
FNDA:5,(anonymous_7)
FNDA:4,(anonymous_8)
FNDA:0,(anonymous_9)
FNDA:2,(anonymous_10)
FNDA:2,(anonymous_11)
FNDA:7,(anonymous_12)
FNDA:0,(anonymous_13)
FNDA:0,(anonymous_14)
FNDA:0,(anonymous_15)
FNDA:0,(anonymous_16)
FNDA:4,(anonymous_17)
FNDA:0,(anonymous_18)
FNDA:0,(anonymous_19)
FNDA:0,(anonymous_20)
FNDA:0,(anonymous_21)
FNDA:5,(anonymous_22)
FNDA:1,(anonymous_23)
FNDA:2,(anonymous_24)
FNDA:3,(anonymous_25)
FNDA:16,(anonymous_26)
FNDA:2,(anonymous_27)
FNDA:2,(anonymous_28)
FNDA:1,(anonymous_29)
FNDA:3,(anonymous_30)
FNDA:0,(anonymous_31)
FNDA:30,(anonymous_32)
FNDA:13,(anonymous_33)
FNDA:0,(anonymous_34)
FNDA:0,(anonymous_35)
FNDA:0,(anonymous_36)
FNDA:0,(anonymous_37)
FNDA:16,(anonymous_38)
FNDA:10,(anonymous_39)
FNDA:4,(anonymous_40)
FNDA:0,(anonymous_41)
FNDA:15,(anonymous_42)
FNDA:2,(anonymous_43)
FNDA:3,(anonymous_44)
FNDA:4,(anonymous_45)
FNDA:2,(anonymous_46)
FNDA:1,(anonymous_47)
FNDA:2,(anonymous_48)
DA:4,77
DA:5,77
DA:6,77
DA:7,77
DA:8,77
DA:17,77
DA:21,77
DA:22,0
DA:25,77
DA:26,0
DA:29,77
DA:30,0
DA:33,77
DA:34,0
DA:37,77
DA:38,0
DA:43,5
DA:44,1
DA:47,4
DA:49,4
DA:50,4
DA:53,4
DA:58,4
DA:59,4
DA:62,4
DA:64,4
DA:66,4
DA:67,4
DA:69,4
DA:76,0
DA:77,0
DA:82,4
DA:83,1
DA:86,3
DA:88,3
DA:89,3
DA:92,3
DA:95,3
DA:96,0
DA:97,0
DA:98,0
DA:101,3
DA:102,3
DA:104,3
DA:105,3
DA:107,3
DA:114,0
DA:115,0
DA:120,2
DA:121,2
DA:122,1
DA:123,1
DA:126,1
DA:127,1
DA:128,1
DA:130,0
DA:131,0
DA:136,2
DA:137,2
DA:138,1
DA:139,1
DA:142,1
DA:143,1
DA:145,0
DA:150,7
DA:151,0
DA:152,0
DA:160,7
DA:161,0
DA:163,0
DA:164,0
DA:167,0
DA:170,7
DA:171,0
DA:174,7
DA:175,0
DA:177,0
DA:178,0
DA:184,4
DA:185,0
DA:186,0
DA:189,4
DA:190,0
DA:191,0
DA:194,4
DA:195,0
DA:196,0
DA:197,0
DA:199,0
DA:203,4
DA:204,0
DA:209,5
DA:210,5
DA:211,3
DA:212,3
DA:213,3
DA:215,0
DA:216,0
DA:219,2
DA:223,1
DA:224,1
DA:225,2
DA:227,1
DA:231,3
DA:232,3
DA:234,2
DA:235,2
DA:236,2
DA:238,1
DA:239,1
DA:244,16
DA:245,16
DA:247,16
DA:248,7
DA:249,7
DA:252,16
DA:253,15
DA:254,15
DA:257,16
DA:258,16
DA:262,2
DA:263,2
DA:267,2
DA:268,2
DA:272,1
DA:273,1
DA:274,3
DA:275,2
DA:278,1
DA:282,0
DA:283,0
DA:285,0
DA:289,30
DA:290,13
DA:293,30
DA:294,30
DA:300,0
DA:305,0
DA:310,0
DA:315,0
DA:320,16
DA:327,10
DA:328,10
DA:329,10
DA:333,4
DA:335,4
DA:336,0
DA:341,15
DA:342,4
DA:343,4
DA:348,2
DA:350,2
DA:351,4
DA:352,4
DA:353,2
DA:354,2
DA:356,2
DA:358,2
DA:364,3
DA:376,3
DA:377,4
DA:378,3
DA:379,3
DA:380,3
DA:381,3
DA:384,4
DA:385,1
DA:386,1
DA:387,1
DA:390,4
DA:391,0
DA:395,3
DA:399,2
DA:403,1
DA:408,2
LF:175
LH:130
BRDA:43,0,0,1
BRDA:43,0,1,4
BRDA:82,1,0,1
BRDA:82,1,1,3
BRDA:121,2,0,1
BRDA:121,2,1,1
BRDA:137,3,0,1
BRDA:137,3,1,1
BRDA:151,4,0,0
BRDA:151,4,1,0
BRDA:163,5,0,0
BRDA:163,5,1,0
BRDA:177,6,0,0
BRDA:177,6,1,0
BRDA:210,7,0,3
BRDA:210,7,1,2
BRDA:210,8,0,5
BRDA:210,8,1,4
BRDA:232,9,0,1
BRDA:232,9,1,2
BRDA:247,10,0,7
BRDA:247,10,1,9
BRDA:252,11,0,15
BRDA:252,11,1,1
BRDA:263,12,0,1
BRDA:263,12,1,1
BRDA:268,13,0,1
BRDA:268,13,1,1
BRDA:274,14,0,2
BRDA:274,14,1,1
BRDA:283,15,0,0
BRDA:283,15,1,0
BRDA:332,16,0,0
BRDA:341,17,0,4
BRDA:341,17,1,11
BRDA:377,18,0,3
BRDA:377,18,1,1
BRDA:378,19,0,3
BRDA:378,19,1,0
BRDA:379,20,0,3
BRDA:379,20,1,0
BRDA:380,21,0,3
BRDA:380,21,1,2
BRDA:381,22,0,3
BRDA:381,22,1,2
BRDA:384,23,0,1
BRDA:384,23,1,3
BRDA:384,24,0,4
BRDA:384,24,1,1
BRDA:385,25,0,1
BRDA:385,25,1,0
BRDA:386,26,0,1
BRDA:386,26,1,0
BRDA:387,27,0,1
BRDA:387,27,1,0
BRDA:390,28,0,0
BRDA:390,28,1,4
BRDA:391,29,0,0
BRDA:391,29,1,0
BRF:59
BRH:42
end_of_record
